<?xml version="1.0" encoding="UTF-8"?>
<!-- Generated by org.testng.reporters.JUnitXMLReporter -->
<testsuite ignored="0" hostname="L-INE-F4V0Y93" failures="0" tests="3" name="Default test" time="17.865" errors="0" timestamp="2023-09-06T12:14:07 IST">
  <testcase classname="com.SeleniumJenkins.SeleniumJenkinsDemo.Test2" name="f" time="9.739"/>
  <testcase classname="com.SeleniumJenkins.SeleniumJenkinsDemo.Test2" name="f2" time="3.682"/>
  <testcase classname="com.SeleniumJenkins.SeleniumJenkinsDemo.Test2" name="f3" time="4.235"/>
</testsuite> <!-- Default test -->
