<?xml version="1.0" encoding="UTF-8"?>
<!-- Generated by org.testng.reporters.JUnitXMLReporter -->
<testsuite ignored="0" hostname="L-INE-F4V0Y93" failures="0" tests="3" name="Test" time="9.791" errors="0" timestamp="2023-09-06T12:24:46 IST">
  <testcase classname="com.SeleniumJenkins.SeleniumJenkinsDemo.Test2" name="f" time="3.496"/>
  <testcase classname="com.SeleniumJenkins.SeleniumJenkinsDemo.Test2" name="f2" time="2.785"/>
  <testcase classname="com.SeleniumJenkins.SeleniumJenkinsDemo.Test2" name="f3" time="3.454"/>
</testsuite> <!-- Test -->
