<?xml version="1.0" encoding="UTF-8"?>
<testng-results ignored="0" total="3" passed="3" failed="0" skipped="0">
  <reporter-output>
  </reporter-output>
  <suite started-at="2023-09-08T16:53:38 IST" name="Suite" finished-at="2023-09-08T16:53:49 IST" duration-ms="11728">
    <groups>
    </groups>
    <test started-at="2023-09-08T16:53:38 IST" name="Test" finished-at="2023-09-08T16:53:49 IST" duration-ms="11728">
      <class name="com.SeleniumJenkins.SeleniumJenkinsDemo.Test2">
        <test-method signature="f()[pri:0, instance:com.SeleniumJenkins.SeleniumJenkinsDemo.Test2@3e8c3cb]" started-at="2023-09-08T16:53:38 IST" name="f" finished-at="2023-09-08T16:53:43 IST" duration-ms="5666" status="PASS">
          <reporter-output>
          </reporter-output>
        </test-method> <!-- f -->
        <test-method signature="f2()[pri:0, instance:com.SeleniumJenkins.SeleniumJenkinsDemo.Test2@3e8c3cb]" started-at="2023-09-08T16:53:43 IST" name="f2" finished-at="2023-09-08T16:53:46 IST" duration-ms="2780" status="PASS">
          <reporter-output>
          </reporter-output>
        </test-method> <!-- f2 -->
        <test-method signature="f3()[pri:0, instance:com.SeleniumJenkins.SeleniumJenkinsDemo.Test2@3e8c3cb]" started-at="2023-09-08T16:53:46 IST" name="f3" finished-at="2023-09-08T16:53:49 IST" duration-ms="3198" status="PASS">
          <reporter-output>
          </reporter-output>
        </test-method> <!-- f3 -->
      </class> <!-- com.SeleniumJenkins.SeleniumJenkinsDemo.Test2 -->
    </test> <!-- Test -->
  </suite> <!-- Suite -->
</testng-results>
